<?xml version="1.0" encoding="UTF-8"?>
<!-- Generated by org.testng.reporters.JUnitXMLReporter -->
<testsuite ignored="0" hostname="LAPTOP-8ADG3AEO" failures="1" tests="3" name="Test" time="17.874" errors="0" timestamp="2022-06-30T18:43:13 IST">
  <testcase classname="com.Shannon.Home.HomeCustomViewPageTest" name="verifyHomeCustomViewPageTest" time="9.981"/>
  <testcase classname="com.Shannon.Home.HomePageTest" name="verifyHomePageTest" time="1.266">
    <failure type="java.lang.Error" message="Unresolved compilation problems: 
	The import org.openqa.selenium.support cannot be resolved
	The import org.openqa.selenium.support cannot be resolved
	FindBy cannot be resolved to a type
	FindBy cannot be resolved to a type
	PageFactory cannot be resolved
">
      <![CDATA[java.lang.Error: Unresolved compilation problems: 
The import org.openqa.selenium.support cannot be resolved
The import org.openqa.selenium.support cannot be resolved
FindBy cannot be resolved to a type
FindBy cannot be resolved to a type
PageFactory cannot be resolved

at com.Shanon.pages.LeadCustomViewPage.<init>(LeadCustomViewPage.java:4)
at com.Shannon.Home.HomePageTest.verifyHomePageTest(HomePageTest.java:23)
at java.base/java.util.ArrayList.forEach(ArrayList.java:1511)
... Removed 27 stack frames]]>
    </failure>
  </testcase> <!-- verifyHomePageTest -->
  <testcase classname="com.Shannon.Home.ViewAllEventsPageTest" name="verifyViewAllEventsPageTest" time="0.692"/>
</testsuite> <!-- Test -->
